Using pre-set license
Built from '2020.3/staging' branch; Version is '2020.3.20f1 (41c4e627c95f) revision 4310246'; Using compiler version '192528614'; Build Type 'Release'
OS: 'Windows 10 Education; OS build 19044.1826; Version 2009; 64bit' Language: 'en' Physical Memory: 16155 MB
BatchMode: 1, IsHumanControllingUs: 0, StartBugReporterOnCrash: 0, Is64bit: 1, IsPro: 0

COMMAND LINE ARGUMENTS:
C:\Program Files\Unity\Hub\Editor\2020.3.20f1\Editor\Unity.exe
-adb2
-batchMode
-noUpm
-name
AssetImportWorker0
-projectPath
C:/Users/shiny/Desktop/C300 FYP/App Version/Deco Sandbox
-logFile
Logs/AssetImportWorker0.log
-srvPort
50227
Successfully changed project path to: C:/Users/shiny/Desktop/C300 FYP/App Version/Deco Sandbox
C:/Users/shiny/Desktop/C300 FYP/App Version/Deco Sandbox
Using Asset Import Pipeline V2.
Refreshing native plugins compatible for Editor in 147.19 ms, found 6 plugins.
Preloading 0 native plugins for Editor in 0.00 ms.
Initialize engine version: 2020.3.20f1 (41c4e627c95f)
[Subsystems] Discovering subsystems at path C:/Program Files/Unity/Hub/Editor/2020.3.20f1/Editor/Data/Resources/UnitySubsystems
[Subsystems] Discovering subsystems at path C:/Users/shiny/Desktop/C300 FYP/App Version/Deco Sandbox/Assets
GfxDevice: creating device client; threaded=0
Direct3D:
    Version:  Direct3D 11.0 [level 11.1]
    Renderer: NVIDIA GeForce MX250 (ID=0x1d52)
    Vendor:   
    VRAM:     1983 MB
    Driver:   26.21.14.4137
Initialize mono
Mono path[0] = 'C:/Program Files/Unity/Hub/Editor/2020.3.20f1/Editor/Data/Managed'
Mono path[1] = 'C:/Program Files/Unity/Hub/Editor/2020.3.20f1/Editor/Data/MonoBleedingEdge/lib/mono/unityjit'
Mono config path = 'C:/Program Files/Unity/Hub/Editor/2020.3.20f1/Editor/Data/MonoBleedingEdge/etc'
Using monoOptions --debugger-agent=transport=dt_socket,embedding=1,server=y,suspend=n,address=127.0.0.1:56500
Begin MonoManager ReloadAssembly
Registering precompiled unity dll's ...
Register platform support module: C:/Program Files/Unity/Hub/Editor/2020.3.20f1/Editor/Data/PlaybackEngines/WindowsStandaloneSupport/UnityEditor.WindowsStandalone.Extensions.dll
Registered in 0.008052 seconds.
Native extension for WindowsStandalone target not found
Refreshing native plugins compatible for Editor in 114.32 ms, found 6 plugins.
Preloading 0 native plugins for Editor in 0.00 ms.
Mono: successfully reloaded assembly
- Completed reload, in  4.746 seconds
Domain Reload Profiling:
	ReloadAssembly (4747ms)
		BeginReloadAssembly (118ms)
			ExecutionOrderSort (0ms)
			DisableScriptedObjects (0ms)
			BackupInstance (0ms)
			ReleaseScriptingObjects (0ms)
			CreateAndSetChildDomain (2ms)
		EndReloadAssembly (990ms)
			LoadAssemblies (113ms)
			RebuildTransferFunctionScriptingTraits (0ms)
			SetupTypeCache (316ms)
			ReleaseScriptCaches (0ms)
			RebuildScriptCaches (80ms)
			SetupLoadedEditorAssemblies (409ms)
				LogAssemblyErrors (0ms)
				InitializePlatformSupportModulesInManaged (13ms)
				SetLoadedEditorAssemblies (1ms)
				RefreshPlugins (115ms)
				BeforeProcessingInitializeOnLoad (22ms)
				ProcessInitializeOnLoadAttributes (199ms)
				ProcessInitializeOnLoadMethodAttributes (59ms)
				AfterProcessingInitializeOnLoad (0ms)
				EditorAssembliesLoaded (0ms)
			ExecutionOrderSort2 (0ms)
			AwakeInstancesAfterBackupRestoration (0ms)
Platform modules already initialized, skipping
Registering precompiled user dll's ...
Registered in 0.018166 seconds.
Begin MonoManager ReloadAssembly
PackageInfo()
UnityEngine.StackTraceUtility:ExtractStackTrace ()
UnityEngine.DebugLogHandler:LogFormat (UnityEngine.LogType,UnityEngine.Object,string,object[])
UnityEngine.Logger:Log (UnityEngine.LogType,object)
UnityEngine.Debug:Log (object)
Wave.Essence.Editor.PackageInfo:.cctor () (at Library/PackageCache/com.htc.upm.wave.essence@4.5.0-r.3/Editor/EssenceSettingsProvider.cs:820)
System.Reflection.MonoCMethod:InternalInvoke (object,object[])
System.RuntimeType:CreateInstanceMono (bool)
System.RuntimeType:CreateInstanceSlow (bool,bool,bool,System.Threading.StackCrawlMark&)
System.RuntimeType:CreateInstanceDefaultCtor (bool,bool,bool,System.Threading.StackCrawlMark&)
System.Activator:CreateInstance (System.Type,bool)
System.Activator:CreateInstance (System.Type)
UnityEditor.AssetPostprocessingInternal:GetMeshProcessorsHashString ()

(Filename: Library/PackageCache/com.htc.upm.wave.essence@4.5.0-r.3/Editor/EssenceSettingsProvider.cs Line: 820)

Native extension for WindowsStandalone target not found
Refreshing native plugins compatible for Editor in 110.32 ms, found 6 plugins.
Preloading 0 native plugins for Editor in 0.00 ms.
InteractionModeManagerSettings() registered EditorSceneManager.sceneOpened.
UnityEngine.StackTraceUtility:ExtractStackTrace ()
UnityEngine.DebugLogHandler:LogFormat (UnityEngine.LogType,UnityEngine.Object,string,object[])
UnityEngine.Logger:Log (UnityEngine.LogType,object)
UnityEngine.Debug:Log (object)
Wave.Essence.Interaction.Mode.Editor.InteractionModeManagerSettings:.cctor () (at Assets/Wave/Essence/Interaction/Mode/4.5.0-r.3/Editor/InteractionModeManagerEditor.cs:57)
System.Runtime.CompilerServices.RuntimeHelpers:RunClassConstructor (System.RuntimeTypeHandle)
UnityEditor.EditorAssemblies:ProcessInitializeOnLoadAttributes (System.Type[])

(Filename: Assets/Wave/Essence/Interaction/Mode/4.5.0-r.3/Editor/InteractionModeManagerEditor.cs Line: 57)

Mono: successfully reloaded assembly
- Completed reload, in  2.974 seconds
Domain Reload Profiling:
	ReloadAssembly (2976ms)
		BeginReloadAssembly (320ms)
			ExecutionOrderSort (0ms)
			DisableScriptedObjects (6ms)
			BackupInstance (0ms)
			ReleaseScriptingObjects (0ms)
			CreateAndSetChildDomain (35ms)
		EndReloadAssembly (2463ms)
			LoadAssemblies (239ms)
			RebuildTransferFunctionScriptingTraits (0ms)
			SetupTypeCache (692ms)
			ReleaseScriptCaches (1ms)
			RebuildScriptCaches (148ms)
			SetupLoadedEditorAssemblies (1034ms)
				LogAssemblyErrors (0ms)
				InitializePlatformSupportModulesInManaged (7ms)
				SetLoadedEditorAssemblies (0ms)
				RefreshPlugins (110ms)
				BeforeProcessingInitializeOnLoad (225ms)
				ProcessInitializeOnLoadAttributes (652ms)
				ProcessInitializeOnLoadMethodAttributes (14ms)
				AfterProcessingInitializeOnLoad (25ms)
				EditorAssembliesLoaded (0ms)
			ExecutionOrderSort2 (0ms)
			AwakeInstancesAfterBackupRestoration (7ms)
Platform modules already initialized, skipping
========================================================================
Worker process is ready to serve import requests
Launched and connected shader compiler UnityShaderCompiler.exe after 0.15 seconds
Refreshing native plugins compatible for Editor in 0.97 ms, found 6 plugins.
Preloading 0 native plugins for Editor in 0.00 ms.
Unloading 2326 Unused Serialized files (Serialized files now loaded: 0)
System memory in use before: 102.4 MB.
System memory in use after: 102.4 MB.

Unloading 24 unused Assets to reduce memory usage. Loaded Objects now: 2767.
Total: 5.015000 ms (FindLiveObjects: 0.247700 ms CreateObjectMapping: 0.119400 ms MarkObjects: 4.277800 ms  DeleteObjects: 0.368700 ms)

AssetImportParameters requested are different than current active one (requested -> active):
  custom:framework-win-MediaFoundation: 216162199b28c13a410421893ffa2e32 -> 
  custom:video-decoder-ogg-theora: a1e56fd34408186e4bbccfd4996cb3dc -> 
  custom:container-muxer-webm: aa71ff27fc2769a1b78a27578f13a17b -> 
  custom:container-demuxer-webm: 4f35f7cbe854078d1ac9338744f61a02 -> 
  custom:container-demuxer-ogg: 62fdf1f143b41e24485cea50d1cbac27 -> 
  custom:video-encoder-webm-vp8: eb34c28f22e8b96e1ab97ce403110664 -> 
  custom:video-decoder-webm-vp8: 9c59270c3fd7afecdb556c50c9e8de78 -> 
  custom:audio-decoder-ogg-vorbis: bf7c407c2cedff20999df2af8eb42d56 -> 
  custom:audio-encoder-webm-vorbis: bf7c407c2cedff20999df2af8eb42d56 -> 
========================================================================
Received Import Request.
  path: Assets/VRcontrolScript.cs
  artifactKey: Guid(bf0ce7d3190262745a5405ea675490da) Importer(815301076,1909f56bfc062723c751e8b465ee728b)
Start importing Assets/VRcontrolScript.cs using Guid(bf0ce7d3190262745a5405ea675490da) Importer(815301076,1909f56bfc062723c751e8b465ee728b)  -> (artifact id: 'b7229ce118bf8809570290e75e3c3ee3') in 0.086494 seconds 
  Import took 0.093979 seconds .

========================================================================
Received Import Request.
  Time since last request: 0.000771 seconds.
  path: Assets/RetroLamps/ExampleScene_InteractionMode.asset
  artifactKey: Guid(11e00ea63567bde40b9cc5dfddc533f4) Importer(815301076,1909f56bfc062723c751e8b465ee728b)
Start importing Assets/RetroLamps/ExampleScene_InteractionMode.asset using Guid(11e00ea63567bde40b9cc5dfddc533f4) Importer(815301076,1909f56bfc062723c751e8b465ee728b)  -> (artifact id: 'd8e417171bad68b8effba11e171e5758') in 0.058380 seconds 
  Import took 0.068722 seconds .

========================================================================
Received Prepare
Registering precompiled user dll's ...
Registered in 0.031207 seconds.
Begin MonoManager ReloadAssembly
Native extension for WindowsStandalone target not found
Refreshing native plugins compatible for Editor in 1.95 ms, found 6 plugins.
Preloading 0 native plugins for Editor in 0.00 ms.
InteractionModeManagerSettings() registered EditorSceneManager.sceneOpened.
UnityEngine.StackTraceUtility:ExtractStackTrace ()
UnityEngine.DebugLogHandler:LogFormat (UnityEngine.LogType,UnityEngine.Object,string,object[])
UnityEngine.Logger:Log (UnityEngine.LogType,object)
UnityEngine.Debug:Log (object)
Wave.Essence.Interaction.Mode.Editor.InteractionModeManagerSettings:.cctor () (at Assets/Wave/Essence/Interaction/Mode/4.5.0-r.3/Editor/InteractionModeManagerEditor.cs:57)
System.Runtime.CompilerServices.RuntimeHelpers:RunClassConstructor (System.RuntimeTypeHandle)
UnityEditor.EditorAssemblies:ProcessInitializeOnLoadAttributes (System.Type[])

(Filename: Assets/Wave/Essence/Interaction/Mode/4.5.0-r.3/Editor/InteractionModeManagerEditor.cs Line: 57)

PackageInfo()
UnityEngine.StackTraceUtility:ExtractStackTrace ()
UnityEngine.DebugLogHandler:LogFormat (UnityEngine.LogType,UnityEngine.Object,string,object[])
UnityEngine.Logger:Log (UnityEngine.LogType,object)
UnityEngine.Debug:Log (object)
Wave.Essence.Editor.PackageInfo:.cctor () (at Library/PackageCache/com.htc.upm.wave.essence@4.5.0-r.3/Editor/EssenceSettingsProvider.cs:820)
System.Runtime.CompilerServices.RuntimeHelpers:RunClassConstructor (System.RuntimeTypeHandle)
UnityEditor.EditorAssemblies:ProcessInitializeOnLoadAttributes (System.Type[])

(Filename: Library/PackageCache/com.htc.upm.wave.essence@4.5.0-r.3/Editor/EssenceSettingsProvider.cs Line: 820)

Mono: successfully reloaded assembly
- Completed reload, in  3.337 seconds
Domain Reload Profiling:
	ReloadAssembly (3338ms)
		BeginReloadAssembly (421ms)
			ExecutionOrderSort (0ms)
			DisableScriptedObjects (15ms)
			BackupInstance (0ms)
			ReleaseScriptingObjects (0ms)
			CreateAndSetChildDomain (100ms)
		EndReloadAssembly (2654ms)
			LoadAssemblies (387ms)
			RebuildTransferFunctionScriptingTraits (0ms)
			SetupTypeCache (864ms)
			ReleaseScriptCaches (2ms)
			RebuildScriptCaches (109ms)
			SetupLoadedEditorAssemblies (1055ms)
				LogAssemblyErrors (0ms)
				InitializePlatformSupportModulesInManaged (14ms)
				SetLoadedEditorAssemblies (1ms)
				RefreshPlugins (2ms)
				BeforeProcessingInitializeOnLoad (210ms)
				ProcessInitializeOnLoadAttributes (786ms)
				ProcessInitializeOnLoadMethodAttributes (11ms)
				AfterProcessingInitializeOnLoad (29ms)
				EditorAssembliesLoaded (1ms)
			ExecutionOrderSort2 (0ms)
			AwakeInstancesAfterBackupRestoration (18ms)
Platform modules already initialized, skipping
Refreshing native plugins compatible for Editor in 1.50 ms, found 6 plugins.
Preloading 0 native plugins for Editor in 0.00 ms.
Unloading 2285 Unused Serialized files (Serialized files now loaded: 0)
System memory in use before: 100.5 MB.
System memory in use after: 100.5 MB.

Unloading 17 unused Assets to reduce memory usage. Loaded Objects now: 2770.
Total: 8.283900 ms (FindLiveObjects: 0.374200 ms CreateObjectMapping: 0.153200 ms MarkObjects: 7.404200 ms  DeleteObjects: 0.349200 ms)

AssetImportParameters requested are different than current active one (requested -> active):
  custom:framework-win-MediaFoundation: 216162199b28c13a410421893ffa2e32 -> 
  custom:video-decoder-ogg-theora: a1e56fd34408186e4bbccfd4996cb3dc -> 
  custom:container-muxer-webm: aa71ff27fc2769a1b78a27578f13a17b -> 
  custom:container-demuxer-webm: 4f35f7cbe854078d1ac9338744f61a02 -> 
  custom:container-demuxer-ogg: 62fdf1f143b41e24485cea50d1cbac27 -> 
  custom:video-encoder-webm-vp8: eb34c28f22e8b96e1ab97ce403110664 -> 
  custom:video-decoder-webm-vp8: 9c59270c3fd7afecdb556c50c9e8de78 -> 
  custom:audio-decoder-ogg-vorbis: bf7c407c2cedff20999df2af8eb42d56 -> 
  custom:audio-encoder-webm-vorbis: bf7c407c2cedff20999df2af8eb42d56 -> 
========================================================================
Received Import Request.
  Time since last request: 32.755172 seconds.
  path: Assets/VRcontrolScript.cs
  artifactKey: Guid(bf0ce7d3190262745a5405ea675490da) Importer(815301076,1909f56bfc062723c751e8b465ee728b)
Start importing Assets/VRcontrolScript.cs using Guid(bf0ce7d3190262745a5405ea675490da) Importer(815301076,1909f56bfc062723c751e8b465ee728b)  -> (artifact id: '5cb72d59b98c5d799a07de6fa8b31b62') in 0.019449 seconds 
  Import took 0.029581 seconds .

========================================================================
Received Import Request.
  Time since last request: 122.978710 seconds.
  path: Packages/com.unity.collab-proxy/Editor/PlasticSCM/Assets/Images/buttonssosigninunity.png
  artifactKey: Guid(f9161c6c9e06dc445ada3ee16d991f90) Importer(815301076,1909f56bfc062723c751e8b465ee728b)
Start importing Packages/com.unity.collab-proxy/Editor/PlasticSCM/Assets/Images/buttonssosigninunity.png using Guid(f9161c6c9e06dc445ada3ee16d991f90) Importer(815301076,1909f56bfc062723c751e8b465ee728b)  -> (artifact id: '2095d338518b3e9aa4dd3f92938fceb5') in 0.288021 seconds 
  Import took 0.297100 seconds .

========================================================================
Received Import Request.
  Time since last request: 0.000702 seconds.
  path: Packages/com.unity.textmeshpro/Tests/Editor/Unity.TextMeshPro.Editor.Tests.asmdef
  artifactKey: Guid(656e461844099ae43a609ff6109b0877) Importer(815301076,1909f56bfc062723c751e8b465ee728b)
Start importing Packages/com.unity.textmeshpro/Tests/Editor/Unity.TextMeshPro.Editor.Tests.asmdef using Guid(656e461844099ae43a609ff6109b0877) Importer(815301076,1909f56bfc062723c751e8b465ee728b)  -> (artifact id: 'fcffb8c55a96b9f12c1f51f36d51ea04') in 0.020742 seconds 
  Import took 0.027848 seconds .

========================================================================
Received Import Request.
  Time since last request: 0.000460 seconds.
  path: Packages/com.unity.ide.visualstudio/Editor/com.unity.ide.visualstudio.asmdef
  artifactKey: Guid(b93f844d45cfcc44fa2b0eed5c9ec6bb) Importer(815301076,1909f56bfc062723c751e8b465ee728b)
Start importing Packages/com.unity.ide.visualstudio/Editor/com.unity.ide.visualstudio.asmdef using Guid(b93f844d45cfcc44fa2b0eed5c9ec6bb) Importer(815301076,1909f56bfc062723c751e8b465ee728b)  -> (artifact id: 'f7c166c5239c9f94d6347c9b443d9b01') in 0.018566 seconds 
  Import took 0.026995 seconds .

========================================================================
Received Import Request.
  Time since last request: 0.000729 seconds.
  path: Packages/com.unity.collab-proxy/Editor/Collaborate/Unity.CollabProxy.Editor.asmdef
  artifactKey: Guid(17b36165d09634a48bf5a0e4bb27f4bd) Importer(815301076,1909f56bfc062723c751e8b465ee728b)
Start importing Packages/com.unity.collab-proxy/Editor/Collaborate/Unity.CollabProxy.Editor.asmdef using Guid(17b36165d09634a48bf5a0e4bb27f4bd) Importer(815301076,1909f56bfc062723c751e8b465ee728b)  -> (artifact id: '6a2a45320206660471875bb5fba4c7bb') in 0.015180 seconds 
  Import took 0.022396 seconds .

========================================================================
Received Import Request.
  Time since last request: 0.000739 seconds.
  path: Packages/com.unity.ide.rider/Rider/Editor/com.unity.ide.rider.asmdef
  artifactKey: Guid(d528c8c98d269ca44a06cd9624a03945) Importer(815301076,1909f56bfc062723c751e8b465ee728b)
Start importing Packages/com.unity.ide.rider/Rider/Editor/com.unity.ide.rider.asmdef using Guid(d528c8c98d269ca44a06cd9624a03945) Importer(815301076,1909f56bfc062723c751e8b465ee728b)  -> (artifact id: '66e1e44df00fa750fc3b002d47a42d5f') in 0.016430 seconds 
  Import took 0.023390 seconds .

========================================================================
Received Import Request.
  Time since last request: 0.000696 seconds.
  path: Packages/com.unity.ide.vscode/Editor/Unity.com.unity.vscode.Editor.asmdef
  artifactKey: Guid(8b845b123ab418448a8be2935fa804e0) Importer(815301076,1909f56bfc062723c751e8b465ee728b)
Start importing Packages/com.unity.ide.vscode/Editor/Unity.com.unity.vscode.Editor.asmdef using Guid(8b845b123ab418448a8be2935fa804e0) Importer(815301076,1909f56bfc062723c751e8b465ee728b)  -> (artifact id: '52b6ef3f135b63af18b6fbbe340ded76') in 0.020368 seconds 
  Import took 0.027487 seconds .

========================================================================
Received Import Request.
  Time since last request: 0.000455 seconds.
  path: Packages/com.unity.collab-proxy/Editor/PlasticSCM/Unity.PlasticSCM.Editor.asmdef
  artifactKey: Guid(4b84427fd7ace4b4cb623ef8a46124ed) Importer(815301076,1909f56bfc062723c751e8b465ee728b)
Start importing Packages/com.unity.collab-proxy/Editor/PlasticSCM/Unity.PlasticSCM.Editor.asmdef using Guid(4b84427fd7ace4b4cb623ef8a46124ed) Importer(815301076,1909f56bfc062723c751e8b465ee728b)  -> (artifact id: '09819c7dd297652e7900e3774dabf30a') in 0.017088 seconds 
  Import took 0.024555 seconds .

========================================================================
Received Import Request.
  Time since last request: 0.000862 seconds.
  path: Packages/com.unity.textmeshpro/Scripts/Runtime/Unity.TextMeshPro.asmdef
  artifactKey: Guid(6055be8ebefd69e48b49212b09b47b2f) Importer(815301076,1909f56bfc062723c751e8b465ee728b)
Start importing Packages/com.unity.textmeshpro/Scripts/Runtime/Unity.TextMeshPro.asmdef using Guid(6055be8ebefd69e48b49212b09b47b2f) Importer(815301076,1909f56bfc062723c751e8b465ee728b)  -> (artifact id: '57da3c51c8403b1a3ee981823296e79d') in 0.015224 seconds 
  Import took 0.020991 seconds .

========================================================================
Received Import Request.
  Time since last request: 0.000611 seconds.
  path: Packages/com.unity.inputsystem/InputSystem/Unity.InputSystem.asmdef
  artifactKey: Guid(75469ad4d38634e559750d17036d5f7c) Importer(815301076,1909f56bfc062723c751e8b465ee728b)
Start importing Packages/com.unity.inputsystem/InputSystem/Unity.InputSystem.asmdef using Guid(75469ad4d38634e559750d17036d5f7c) Importer(815301076,1909f56bfc062723c751e8b465ee728b)  -> (artifact id: 'ed69bce875831db461e7977d09ae1f7f') in 0.015759 seconds 
  Import took 0.022699 seconds .

========================================================================
Received Import Request.
  Time since last request: 0.000469 seconds.
  path: Packages/com.unity.textmeshpro/Scripts/Editor/Unity.TextMeshPro.Editor.asmdef
  artifactKey: Guid(6546d7765b4165b40850b3667f981c26) Importer(815301076,1909f56bfc062723c751e8b465ee728b)
Start importing Packages/com.unity.textmeshpro/Scripts/Editor/Unity.TextMeshPro.Editor.asmdef using Guid(6546d7765b4165b40850b3667f981c26) Importer(815301076,1909f56bfc062723c751e8b465ee728b)  -> (artifact id: 'b60394d5af40b20470b79c4c7bfd8efc') in 0.015715 seconds 
  Import took 0.023124 seconds .

========================================================================
Received Import Request.
  Time since last request: 0.000400 seconds.
  path: Packages/com.unity.collab-proxy/Tests/Editor/PlasticSCM/Unity.PlasticSCM.EditorTests.asmdef
  artifactKey: Guid(d2a21ff323ae84455892cb5f59624640) Importer(815301076,1909f56bfc062723c751e8b465ee728b)
Start importing Packages/com.unity.collab-proxy/Tests/Editor/PlasticSCM/Unity.PlasticSCM.EditorTests.asmdef using Guid(d2a21ff323ae84455892cb5f59624640) Importer(815301076,1909f56bfc062723c751e8b465ee728b)  -> (artifact id: 'e279aa255b78ecdc828a9e0b6d51733a') in 0.015600 seconds 
  Import took 0.020624 seconds .

========================================================================
Received Import Request.
  Time since last request: 0.000415 seconds.
  path: Packages/com.unity.inputsystem/Tests/IntegrationTests/Unity.InputSystem.IntegrationTests.asmdef
  artifactKey: Guid(3ae5734e49d646442ad24f37762ebdd2) Importer(815301076,1909f56bfc062723c751e8b465ee728b)
Start importing Packages/com.unity.inputsystem/Tests/IntegrationTests/Unity.InputSystem.IntegrationTests.asmdef using Guid(3ae5734e49d646442ad24f37762ebdd2) Importer(815301076,1909f56bfc062723c751e8b465ee728b)  -> (artifact id: '2b70b46dbd2c62313c5fab5765ad4fac') in 0.014630 seconds 
  Import took 0.020329 seconds .

========================================================================
Received Import Request.
  Time since last request: 0.000518 seconds.
  path: Packages/com.unity.collab-proxy/Tests/Editor/Collaborate/Unity.CollabProxy.EditorTests.asmdef
  artifactKey: Guid(88c7566234a7f32409f05c32e6ae7b3e) Importer(815301076,1909f56bfc062723c751e8b465ee728b)
Start importing Packages/com.unity.collab-proxy/Tests/Editor/Collaborate/Unity.CollabProxy.EditorTests.asmdef using Guid(88c7566234a7f32409f05c32e6ae7b3e) Importer(815301076,1909f56bfc062723c751e8b465ee728b)  -> (artifact id: '80bf327da0f9c1b59dec8c0719c59719') in 0.014822 seconds 
  Import took 0.021798 seconds .

========================================================================
Received Import Request.
  Time since last request: 0.000569 seconds.
  path: Packages/com.unity.subsystemregistration/Runtime/Unity.Subsystem.Registration.asmdef
  artifactKey: Guid(d03624f02fd4aef4aa6b888a1b059ad7) Importer(815301076,1909f56bfc062723c751e8b465ee728b)
Start importing Packages/com.unity.subsystemregistration/Runtime/Unity.Subsystem.Registration.asmdef using Guid(d03624f02fd4aef4aa6b888a1b059ad7) Importer(815301076,1909f56bfc062723c751e8b465ee728b)  -> (artifact id: '70008b4a47b5f15c972e797320d51c55') in 0.013572 seconds 
  Import took 0.019481 seconds .

========================================================================
Received Import Request.
  Time since last request: 0.000483 seconds.
  path: Packages/com.unity.inputsystem/Tests/TestFixture/Unity.InputSystem.TestFramework.asmdef
  artifactKey: Guid(dc04f38471c3a459fb4d31124ee9127d) Importer(815301076,1909f56bfc062723c751e8b465ee728b)
Start importing Packages/com.unity.inputsystem/Tests/TestFixture/Unity.InputSystem.TestFramework.asmdef using Guid(dc04f38471c3a459fb4d31124ee9127d) Importer(815301076,1909f56bfc062723c751e8b465ee728b)  -> (artifact id: 'fd345481ee1c2d6351121a83b48b6022') in 0.013259 seconds 
  Import took 0.018498 seconds .

========================================================================
Received Import Request.
  Time since last request: 0.000398 seconds.
  path: Packages/com.unity.subsystemregistration/Tests/Runtime/Unity.Subsystem.Registration.Runtime.Tests.asmdef
  artifactKey: Guid(826f528a908ac3549b67b4466a4a8b60) Importer(815301076,1909f56bfc062723c751e8b465ee728b)
Start importing Packages/com.unity.subsystemregistration/Tests/Runtime/Unity.Subsystem.Registration.Runtime.Tests.asmdef using Guid(826f528a908ac3549b67b4466a4a8b60) Importer(815301076,1909f56bfc062723c751e8b465ee728b)  -> (artifact id: '378f29bec297d95a869f7a403304faad') in 0.014886 seconds 
  Import took 0.021446 seconds .

