Using pre-set license
Built from '2020.3/staging' branch; Version is '2020.3.20f1 (41c4e627c95f) revision 4310246'; Using compiler version '192528614'; Build Type 'Release'
OS: 'Windows 10 Education; OS build 19044.1826; Version 2009; 64bit' Language: 'en' Physical Memory: 16155 MB
BatchMode: 1, IsHumanControllingUs: 0, StartBugReporterOnCrash: 0, Is64bit: 1, IsPro: 0

COMMAND LINE ARGUMENTS:
C:\Program Files\Unity\Hub\Editor\2020.3.20f1\Editor\Unity.exe
-adb2
-batchMode
-noUpm
-name
AssetImportWorker0
-projectPath
C:/Users/shiny/Desktop/C300 FYP/App Version/Deco Sandbox
-logFile
Logs/AssetImportWorker0.log
-srvPort
55445
Successfully changed project path to: C:/Users/shiny/Desktop/C300 FYP/App Version/Deco Sandbox
C:/Users/shiny/Desktop/C300 FYP/App Version/Deco Sandbox
Using Asset Import Pipeline V2.
Refreshing native plugins compatible for Editor in 123.57 ms, found 6 plugins.
Preloading 0 native plugins for Editor in 0.00 ms.
Initialize engine version: 2020.3.20f1 (41c4e627c95f)
[Subsystems] Discovering subsystems at path C:/Program Files/Unity/Hub/Editor/2020.3.20f1/Editor/Data/Resources/UnitySubsystems
[Subsystems] Discovering subsystems at path C:/Users/shiny/Desktop/C300 FYP/App Version/Deco Sandbox/Assets
GfxDevice: creating device client; threaded=0
Direct3D:
    Version:  Direct3D 11.0 [level 11.1]
    Renderer: NVIDIA GeForce MX250 (ID=0x1d52)
    Vendor:   
    VRAM:     1983 MB
    Driver:   26.21.14.4137
Initialize mono
Mono path[0] = 'C:/Program Files/Unity/Hub/Editor/2020.3.20f1/Editor/Data/Managed'
Mono path[1] = 'C:/Program Files/Unity/Hub/Editor/2020.3.20f1/Editor/Data/MonoBleedingEdge/lib/mono/unityjit'
Mono config path = 'C:/Program Files/Unity/Hub/Editor/2020.3.20f1/Editor/Data/MonoBleedingEdge/etc'
Using monoOptions --debugger-agent=transport=dt_socket,embedding=1,server=y,suspend=n,address=127.0.0.1:56884
Begin MonoManager ReloadAssembly
Registering precompiled unity dll's ...
Register platform support module: C:/Program Files/Unity/Hub/Editor/2020.3.20f1/Editor/Data/PlaybackEngines/WindowsStandaloneSupport/UnityEditor.WindowsStandalone.Extensions.dll
Registered in 0.007264 seconds.
Native extension for WindowsStandalone target not found
Refreshing native plugins compatible for Editor in 121.30 ms, found 6 plugins.
Preloading 0 native plugins for Editor in 0.00 ms.
Mono: successfully reloaded assembly
- Completed reload, in  4.837 seconds
Domain Reload Profiling:
	ReloadAssembly (4838ms)
		BeginReloadAssembly (192ms)
			ExecutionOrderSort (0ms)
			DisableScriptedObjects (0ms)
			BackupInstance (0ms)
			ReleaseScriptingObjects (0ms)
			CreateAndSetChildDomain (2ms)
		EndReloadAssembly (997ms)
			LoadAssemblies (183ms)
			RebuildTransferFunctionScriptingTraits (0ms)
			SetupTypeCache (333ms)
			ReleaseScriptCaches (0ms)
			RebuildScriptCaches (75ms)
			SetupLoadedEditorAssemblies (402ms)
				LogAssemblyErrors (0ms)
				InitializePlatformSupportModulesInManaged (13ms)
				SetLoadedEditorAssemblies (1ms)
				RefreshPlugins (121ms)
				BeforeProcessingInitializeOnLoad (20ms)
				ProcessInitializeOnLoadAttributes (181ms)
				ProcessInitializeOnLoadMethodAttributes (66ms)
				AfterProcessingInitializeOnLoad (0ms)
				EditorAssembliesLoaded (0ms)
			ExecutionOrderSort2 (0ms)
			AwakeInstancesAfterBackupRestoration (0ms)
Platform modules already initialized, skipping
Registering precompiled user dll's ...
Registered in 0.011779 seconds.
Begin MonoManager ReloadAssembly
PackageInfo()
UnityEngine.StackTraceUtility:ExtractStackTrace ()
UnityEngine.DebugLogHandler:LogFormat (UnityEngine.LogType,UnityEngine.Object,string,object[])
UnityEngine.Logger:Log (UnityEngine.LogType,object)
UnityEngine.Debug:Log (object)
Wave.Essence.Editor.PackageInfo:.cctor () (at Library/PackageCache/com.htc.upm.wave.essence@4.5.0-r.3/Editor/EssenceSettingsProvider.cs:820)
System.Reflection.MonoCMethod:InternalInvoke (object,object[])
System.RuntimeType:CreateInstanceMono (bool)
System.RuntimeType:CreateInstanceSlow (bool,bool,bool,System.Threading.StackCrawlMark&)
System.RuntimeType:CreateInstanceDefaultCtor (bool,bool,bool,System.Threading.StackCrawlMark&)
System.Activator:CreateInstance (System.Type,bool)
System.Activator:CreateInstance (System.Type)
UnityEditor.AssetPostprocessingInternal:GetMeshProcessorsHashString ()

(Filename: Library/PackageCache/com.htc.upm.wave.essence@4.5.0-r.3/Editor/EssenceSettingsProvider.cs Line: 820)

Native extension for WindowsStandalone target not found
Refreshing native plugins compatible for Editor in 124.95 ms, found 6 plugins.
Preloading 0 native plugins for Editor in 0.00 ms.
InteractionModeManagerSettings() registered EditorSceneManager.sceneOpened.
UnityEngine.StackTraceUtility:ExtractStackTrace ()
UnityEngine.DebugLogHandler:LogFormat (UnityEngine.LogType,UnityEngine.Object,string,object[])
UnityEngine.Logger:Log (UnityEngine.LogType,object)
UnityEngine.Debug:Log (object)
Wave.Essence.Interaction.Mode.Editor.InteractionModeManagerSettings:.cctor () (at Assets/Wave/Essence/Interaction/Mode/4.5.0-r.3/Editor/InteractionModeManagerEditor.cs:57)
System.Runtime.CompilerServices.RuntimeHelpers:RunClassConstructor (System.RuntimeTypeHandle)
UnityEditor.EditorAssemblies:ProcessInitializeOnLoadAttributes (System.Type[])

(Filename: Assets/Wave/Essence/Interaction/Mode/4.5.0-r.3/Editor/InteractionModeManagerEditor.cs Line: 57)

Mono: successfully reloaded assembly
- Completed reload, in  2.667 seconds
Domain Reload Profiling:
	ReloadAssembly (2670ms)
		BeginReloadAssembly (308ms)
			ExecutionOrderSort (0ms)
			DisableScriptedObjects (9ms)
			BackupInstance (0ms)
			ReleaseScriptingObjects (0ms)
			CreateAndSetChildDomain (39ms)
		EndReloadAssembly (2239ms)
			LoadAssemblies (207ms)
			RebuildTransferFunctionScriptingTraits (0ms)
			SetupTypeCache (590ms)
			ReleaseScriptCaches (1ms)
			RebuildScriptCaches (121ms)
			SetupLoadedEditorAssemblies (958ms)
				LogAssemblyErrors (0ms)
				InitializePlatformSupportModulesInManaged (10ms)
				SetLoadedEditorAssemblies (1ms)
				RefreshPlugins (125ms)
				BeforeProcessingInitializeOnLoad (204ms)
				ProcessInitializeOnLoadAttributes (577ms)
				ProcessInitializeOnLoadMethodAttributes (9ms)
				AfterProcessingInitializeOnLoad (30ms)
				EditorAssembliesLoaded (1ms)
			ExecutionOrderSort2 (0ms)
			AwakeInstancesAfterBackupRestoration (12ms)
Platform modules already initialized, skipping
========================================================================
Worker process is ready to serve import requests
Launched and connected shader compiler UnityShaderCompiler.exe after 0.18 seconds
Refreshing native plugins compatible for Editor in 0.84 ms, found 6 plugins.
Preloading 0 native plugins for Editor in 0.00 ms.
Unloading 2326 Unused Serialized files (Serialized files now loaded: 0)
System memory in use before: 102.5 MB.
System memory in use after: 102.4 MB.

Unloading 24 unused Assets to reduce memory usage. Loaded Objects now: 2767.
Total: 3.986500 ms (FindLiveObjects: 0.270800 ms CreateObjectMapping: 0.106000 ms MarkObjects: 3.407700 ms  DeleteObjects: 0.200000 ms)

AssetImportParameters requested are different than current active one (requested -> active):
  custom:framework-win-MediaFoundation: 216162199b28c13a410421893ffa2e32 -> 
  custom:video-decoder-ogg-theora: a1e56fd34408186e4bbccfd4996cb3dc -> 
  custom:container-muxer-webm: aa71ff27fc2769a1b78a27578f13a17b -> 
  custom:container-demuxer-webm: 4f35f7cbe854078d1ac9338744f61a02 -> 
  custom:container-demuxer-ogg: 62fdf1f143b41e24485cea50d1cbac27 -> 
  custom:video-encoder-webm-vp8: eb34c28f22e8b96e1ab97ce403110664 -> 
  custom:video-decoder-webm-vp8: 9c59270c3fd7afecdb556c50c9e8de78 -> 
  custom:audio-decoder-ogg-vorbis: bf7c407c2cedff20999df2af8eb42d56 -> 
  custom:audio-encoder-webm-vorbis: bf7c407c2cedff20999df2af8eb42d56 -> 
========================================================================
Received Import Request.
  path: Assets/Universal Sound FX/BUTTONS/BUTTON_Clean_with_Tail_mono.wav
  artifactKey: Guid(7ba51157809bf1b488190a740813e4e0) Importer(815301076,1909f56bfc062723c751e8b465ee728b)
Start importing Assets/Universal Sound FX/BUTTONS/BUTTON_Clean_with_Tail_mono.wav using Guid(7ba51157809bf1b488190a740813e4e0) Importer(815301076,1909f56bfc062723c751e8b465ee728b)  -> (artifact id: '15e107ebab2080a88fd481c2671edaf8') in 0.275005 seconds 
  Import took 0.283057 seconds .

========================================================================
Received Import Request.
  Time since last request: 0.000949 seconds.
  path: Assets/Universal Sound FX/BUTTONS/BUTTON_Click_Compressor_Small_02_stereo.wav
  artifactKey: Guid(173fa4ccbe5b22247a929a89bc1754bc) Importer(815301076,1909f56bfc062723c751e8b465ee728b)
Start importing Assets/Universal Sound FX/BUTTONS/BUTTON_Click_Compressor_Small_02_stereo.wav using Guid(173fa4ccbe5b22247a929a89bc1754bc) Importer(815301076,1909f56bfc062723c751e8b465ee728b)  -> (artifact id: '377d432348f7356d5431a875952999dd') in 0.062121 seconds 
  Import took 0.070841 seconds .

========================================================================
Received Import Request.
  Time since last request: 0.000768 seconds.
  path: Assets/Universal Sound FX/BUTTONS/BUTTON_Click_Compressor_Small_01_stereo.wav
  artifactKey: Guid(d6dcddd5ea003984ebec73c5d4db55d3) Importer(815301076,1909f56bfc062723c751e8b465ee728b)
Start importing Assets/Universal Sound FX/BUTTONS/BUTTON_Click_Compressor_Small_01_stereo.wav using Guid(d6dcddd5ea003984ebec73c5d4db55d3) Importer(815301076,1909f56bfc062723c751e8b465ee728b)  -> (artifact id: 'df2b06aa7d46dd93a245c22ecaaaddee') in 0.039775 seconds 
  Import took 0.047379 seconds .

========================================================================
Received Import Request.
  Time since last request: 0.001249 seconds.
  path: Assets/Universal Sound FX/BUTTONS/BUTTON_Bright_Click_mono.wav
  artifactKey: Guid(1b735f22c197f9446bc8b541eef1eaa8) Importer(815301076,1909f56bfc062723c751e8b465ee728b)
Start importing Assets/Universal Sound FX/BUTTONS/BUTTON_Bright_Click_mono.wav using Guid(1b735f22c197f9446bc8b541eef1eaa8) Importer(815301076,1909f56bfc062723c751e8b465ee728b)  -> (artifact id: 'e98eb50fa61dd92f53b97742fbdd8599') in 0.047547 seconds 
  Import took 0.057879 seconds .

========================================================================
Received Import Request.
  Time since last request: 0.000673 seconds.
  path: Assets/Universal Sound FX/BUTTONS/BUTTON_Click_Electric_Sander_Crop_01_stereo.wav
  artifactKey: Guid(25ff759af00ef664f988295868dd7283) Importer(815301076,1909f56bfc062723c751e8b465ee728b)
Start importing Assets/Universal Sound FX/BUTTONS/BUTTON_Click_Electric_Sander_Crop_01_stereo.wav using Guid(25ff759af00ef664f988295868dd7283) Importer(815301076,1909f56bfc062723c751e8b465ee728b)  -> (artifact id: '6e67dbd2e1a576416c6c74cfe6874469') in 0.055461 seconds 
  Import took 0.064822 seconds .

========================================================================
Received Import Request.
  Time since last request: 0.000904 seconds.
  path: Assets/Universal Sound FX/BUTTONS/BUTTON_Click_Compressor_stereo.wav
  artifactKey: Guid(aa317ed0f0e549a4094561d5603b969d) Importer(815301076,1909f56bfc062723c751e8b465ee728b)
Start importing Assets/Universal Sound FX/BUTTONS/BUTTON_Click_Compressor_stereo.wav using Guid(aa317ed0f0e549a4094561d5603b969d) Importer(815301076,1909f56bfc062723c751e8b465ee728b)  -> (artifact id: 'c20a9d3302e79d8da2823d6ac0343762') in 0.046987 seconds 
  Import took 0.054487 seconds .

========================================================================
Received Import Request.
  Time since last request: 0.000669 seconds.
  path: Assets/Universal Sound FX/BUTTONS/BUTTON_Clean_mono.wav
  artifactKey: Guid(e89a82170f95767489e62110bcb7c809) Importer(815301076,1909f56bfc062723c751e8b465ee728b)
Start importing Assets/Universal Sound FX/BUTTONS/BUTTON_Clean_mono.wav using Guid(e89a82170f95767489e62110bcb7c809) Importer(815301076,1909f56bfc062723c751e8b465ee728b)  -> (artifact id: '243b21b21684ccd200edc3baa0d995b9') in 0.055528 seconds 
  Import took 0.064203 seconds .

========================================================================
Received Import Request.
  Time since last request: 0.000911 seconds.
  path: Assets/Universal Sound FX/BUTTONS/BUTTON_Click_Electric_Sander_Crop_02_stereo.wav
  artifactKey: Guid(fb16cd3b8e336f446b1c6effb44d05bd) Importer(815301076,1909f56bfc062723c751e8b465ee728b)
Start importing Assets/Universal Sound FX/BUTTONS/BUTTON_Click_Electric_Sander_Crop_02_stereo.wav using Guid(fb16cd3b8e336f446b1c6effb44d05bd) Importer(815301076,1909f56bfc062723c751e8b465ee728b)  -> (artifact id: 'd20b8fbbe824db1937d629da795b325d') in 0.053004 seconds 
  Import took 0.062856 seconds .

========================================================================
Received Import Request.
  Time since last request: 0.000791 seconds.
  path: Assets/Universal Sound FX/BUTTONS/BUTTON_Clean_Tap_mono.wav
  artifactKey: Guid(bf59b2a161f0d6d4f94ec3570d62072d) Importer(815301076,1909f56bfc062723c751e8b465ee728b)
Start importing Assets/Universal Sound FX/BUTTONS/BUTTON_Clean_Tap_mono.wav using Guid(bf59b2a161f0d6d4f94ec3570d62072d) Importer(815301076,1909f56bfc062723c751e8b465ee728b)  -> (artifact id: 'dceefdb88ed00a1e3e3d05b24a7fe598') in 0.035554 seconds 
  Import took 0.043551 seconds .

========================================================================
Received Import Request.
  Time since last request: 2.820510 seconds.
  path: Assets/Universal Sound FX/USER_INTERFACES/Beeps/UI_Beep_Double_Quick_Detuned_stereo.wav
  artifactKey: Guid(2317a71075050bc4483108c78dfd961a) Importer(815301076,1909f56bfc062723c751e8b465ee728b)
Start importing Assets/Universal Sound FX/USER_INTERFACES/Beeps/UI_Beep_Double_Quick_Detuned_stereo.wav using Guid(2317a71075050bc4483108c78dfd961a) Importer(815301076,1909f56bfc062723c751e8b465ee728b)  -> (artifact id: '384d0a886ca0bd2153c3aa2dcddba7f7') in 0.042445 seconds 
  Import took 0.050035 seconds .

========================================================================
Received Import Request.
  Time since last request: 14.092374 seconds.
  path: Assets/Universal Sound FX/BUTTONS/BUTTON_Click_Electric_Sander_Faded_01_stereo.wav
  artifactKey: Guid(ff9e999b1f975e848bca8aff291293a1) Importer(815301076,1909f56bfc062723c751e8b465ee728b)
Start importing Assets/Universal Sound FX/BUTTONS/BUTTON_Click_Electric_Sander_Faded_01_stereo.wav using Guid(ff9e999b1f975e848bca8aff291293a1) Importer(815301076,1909f56bfc062723c751e8b465ee728b)  -> (artifact id: '472999bc3161067af0318ece59b04bb8') in 0.031546 seconds 
  Import took 0.037714 seconds .

========================================================================
Received Import Request.
  Time since last request: 0.000771 seconds.
  path: Assets/Universal Sound FX/BUTTONS/BUTTON_Click_Euro_Power_Socket_Lid_01_stereo.wav
  artifactKey: Guid(3dccc6b2bef8a7941b7d3f0ed9bcd909) Importer(815301076,1909f56bfc062723c751e8b465ee728b)
Start importing Assets/Universal Sound FX/BUTTONS/BUTTON_Click_Euro_Power_Socket_Lid_01_stereo.wav using Guid(3dccc6b2bef8a7941b7d3f0ed9bcd909) Importer(815301076,1909f56bfc062723c751e8b465ee728b)  -> (artifact id: '93d3a57a4c0a0b2bf5f1efebb4276957') in 0.041447 seconds 
  Import took 0.047134 seconds .

AssetImportWorkerClient::OnTransportError - code=2 error=End of file
